<?xml version="1.0" encoding="UTF-8"?>
<testng-results ignored="0" total="2" passed="2" failed="0" skipped="0">
  <reporter-output>
  </reporter-output>
  <suite started-at="2024-08-14T16:50:19 IST" name="Default suite" finished-at="2024-08-14T16:50:19 IST" duration-ms="78">
    <groups>
    </groups>
    <test started-at="2024-08-14T16:50:19 IST" name="Default test" finished-at="2024-08-14T16:50:19 IST" duration-ms="78">
      <class name="Pac1.ContactTest">
        <test-method signature="CreateContactTest()[pri:0, instance:Pac1.ContactTest@273e7444]" started-at="2024-08-14T16:50:19 IST" name="CreateContactTest" finished-at="2024-08-14T16:50:19 IST" duration-ms="19" status="PASS">
          <reporter-output>
          </reporter-output>
        </test-method> <!-- CreateContactTest -->
        <test-method signature="modifyContactTest()[pri:0, instance:Pac1.ContactTest@273e7444]" started-at="2024-08-14T16:50:19 IST" name="modifyContactTest" finished-at="2024-08-14T16:50:19 IST" duration-ms="1" status="PASS">
          <reporter-output>
          </reporter-output>
        </test-method> <!-- modifyContactTest -->
      </class> <!-- Pac1.ContactTest -->
    </test> <!-- Default test -->
  </suite> <!-- Default suite -->
</testng-results>
